[2016-11-15 16:50:23.927] [INFO] index - 系统开始 index
[2016-11-15 16:50:23.930] [INFO] index - 日志开启启动.....
[2016-11-15 16:52:34.252] [INFO] index - 系统开始 index
[2016-11-15 16:52:34.258] [INFO] index - 日志开启启动.....
[2016-11-15 16:52:39.845] [INFO] index - 系统开始 index
[2016-11-15 16:52:39.850] [INFO] index - 日志开启启动.....
[2016-11-15 16:54:27.190] [INFO] index - 系统开始 index
[2016-11-15 16:54:27.195] [INFO] index - 日志开启启动.....
[2016-11-15 17:02:49.570] [INFO] index - 系统开始 index
[2016-11-15 17:02:49.575] [INFO] index - 日志开启启动.....
[2016-11-15 17:04:30.596] [INFO] index - 系统开始 index
[2016-11-15 17:04:30.601] [INFO] index - 日志开启启动.....
[2016-11-15 17:28:14.964] [INFO] index - 系统开始 index
[2016-11-15 17:28:14.970] [INFO] index - 日志开启启动.....
[2016-11-15 17:28:18.814] [INFO] index - 用户连接成功
[2016-11-15 17:28:19.405] [INFO] index - 通过设置头信息,同意跨域访问
[2016-11-15 17:28:19.423] [INFO] index - 添加用户 1
[2016-11-15 17:28:19.431] [INFO] index - 广播用户进入聊天室 1
[2016-11-15 17:28:24.499] [INFO] index - 返回聊天信息
[2016-11-15 17:28:58.423] [INFO] index - 用户连接成功
[2016-11-15 17:29:00.154] [INFO] index - 通过设置头信息,同意跨域访问
[2016-11-15 17:29:00.163] [INFO] index - 添加用户 5
[2016-11-15 17:29:00.166] [INFO] index - 广播用户进入聊天室 5
[2016-11-15 17:29:03.555] [INFO] index - 返回聊天信息
[2016-11-15 17:29:07.820] [INFO] index - 返回聊天信息
[2016-11-15 17:29:29.202] [INFO] index - 返回聊天信息
[2016-11-15 17:29:33.274] [INFO] index - 返回聊天信息
[2016-11-15 22:12:22.419] [INFO] index - 系统开始 index
[2016-11-15 22:12:22.424] [INFO] index - 日志开启启动.....
[2016-11-15 22:12:23.502] [INFO] index - 用户连接成功
[2016-11-15 22:13:26.976] [INFO] index - 通过设置头信息,同意跨域访问
[2016-11-15 22:13:26.995] [INFO] index - 添加用户 1
[2016-11-15 22:13:26.999] [INFO] index - 广播用户进入聊天室 1
[2016-11-15 22:32:00.899] [INFO] index - 系统开始 index
[2016-11-15 22:32:00.904] [INFO] index - 日志开启启动.....
[2016-11-15 22:32:04.688] [INFO] index - 用户连接成功
[2016-11-15 22:32:04.727] [INFO] index - 返回聊天信息
[2016-11-15 22:32:07.649] [INFO] index - 返回聊天信息
[2016-11-15 22:32:14.871] [INFO] index - 返回聊天信息
[2016-11-15 22:32:38.521] [INFO] index - 返回聊天信息
[2016-11-15 22:32:52.279] [INFO] index - 用户连接成功
[2016-11-15 22:32:55.020] [INFO] index - 通过设置头信息,同意跨域访问
[2016-11-15 22:32:55.037] [INFO] index - 添加用户 5
[2016-11-15 22:32:55.040] [INFO] index - 广播用户进入聊天室 5
[2016-11-15 22:32:59.731] [INFO] index - 返回聊天信息
[2016-11-15 22:33:03.065] [INFO] index - 返回聊天信息
[2016-11-15 22:33:07.288] [INFO] index - 返回聊天信息
[2016-11-15 22:33:12.009] [INFO] index - 返回聊天信息
[2016-11-15 22:33:41.818] [INFO] index - 返回聊天信息
[2016-11-15 22:33:45.605] [INFO] index - 用户退出
[2016-11-15 22:36:42.932] [INFO] index - 用户退出
[2016-11-15 22:36:44.074] [INFO] index - 用户连接成功
[2016-11-15 22:36:56.266] [INFO] index - 通过设置头信息,同意跨域访问
[2016-11-15 22:36:56.282] [INFO] index - 添加用户 1
[2016-11-15 22:36:56.311] [INFO] index - 广播用户进入聊天室 1
[2016-11-15 22:37:30.014] [INFO] index - 用户退出
[2016-11-15 22:37:31.172] [INFO] index - 用户连接成功
[2016-11-15 22:37:38.745] [INFO] index - 用户退出
[2016-11-15 22:37:39.865] [INFO] index - 用户连接成功
[2016-11-15 22:38:11.407] [INFO] index - 用户退出
[2016-11-15 22:38:12.600] [INFO] index - 用户连接成功
[2016-11-15 22:38:19.494] [INFO] index - 用户退出
[2016-11-15 22:38:20.622] [INFO] index - 用户连接成功
[2016-11-15 22:38:33.014] [INFO] index - 返回聊天信息
[2016-11-15 22:39:56.767] [INFO] index - 用户退出
[2016-11-15 22:39:58.639] [INFO] index - 用户连接成功
[2016-11-15 22:41:21.467] [INFO] index - 返回聊天信息
[2016-11-15 22:41:21.886] [INFO] index - 用户退出
[2016-11-15 22:41:23.018] [INFO] index - 用户连接成功
[2016-11-15 22:42:09.775] [INFO] index - 用户退出
[2016-11-15 22:42:10.948] [INFO] index - 用户连接成功
[2016-11-15 22:42:27.050] [INFO] index - 用户退出
[2016-11-15 22:43:03.312] [INFO] index - 用户连接成功
[2016-11-15 22:43:16.695] [INFO] index - 用户退出
[2016-11-15 22:43:17.799] [INFO] index - 用户连接成功
[2016-11-15 22:45:05.991] [INFO] index - 用户退出
[2016-11-15 22:45:07.131] [INFO] index - 用户连接成功
[2016-11-15 22:45:43.877] [INFO] index - 用户退出
[2016-11-15 22:45:45.091] [INFO] index - 用户连接成功
[2016-11-15 22:46:49.605] [INFO] index - 返回聊天信息
[2016-11-15 22:49:47.118] [INFO] index - 用户退出
[2016-11-15 22:49:48.273] [INFO] index - 用户连接成功
[2016-11-15 22:49:49.817] [INFO] index - 返回聊天信息
[2016-11-15 22:50:31.374] [INFO] index - 用户退出
[2016-11-15 22:50:32.647] [INFO] index - 用户连接成功
[2016-11-15 22:50:34.529] [INFO] index - 返回聊天信息
[2016-11-15 22:51:00.242] [INFO] index - 用户退出
[2016-11-15 22:51:13.571] [INFO] index - 用户连接成功
[2016-11-15 22:51:15.523] [INFO] index - 返回聊天信息
[2016-11-15 22:51:21.184] [INFO] index - 返回聊天信息
[2016-11-15 22:51:28.403] [INFO] index - 返回聊天信息
[2016-11-15 22:51:37.442] [INFO] index - 返回聊天信息
